2022-01-17 00:16:36 PST [1]: [8-1] LOG:  received fast shutdown request
2022-01-17 00:16:36 PST [1]: [9-1] LOG:  aborting any active transactions
2022-01-17 00:16:36 PST [212]: [45-1] FATAL:  terminating connection due to administrator command
2022-01-17 00:16:36 PST [212]: [46-1] LOG:  disconnection: session time: 4:33:25.906 user=root database=postgres host=[local]
2022-01-17 00:16:36 PST [211]: [79-1] FATAL:  terminating connection due to administrator command
2022-01-17 00:16:36 PST [211]: [80-1] LOG:  disconnection: session time: 4:33:33.532 user=root database=postgres host=[local]
2022-01-17 00:16:36 PST [85]: [8-1] FATAL:  terminating connection due to administrator command
2022-01-17 00:16:36 PST [85]: [9-1] LOG:  disconnection: session time: 5:23:01.174 user=root database=postgres host=[local]
2022-01-17 00:16:36 PST [1]: [10-1] LOG:  background worker "logical replication launcher" (PID 35) exited with exit code 1
2022-01-17 00:16:36 PST [30]: [21-1] LOG:  shutting down
2022-01-17 00:16:36 PST [30]: [22-1] LOG:  checkpoint starting: shutdown immediate
2022-01-17 00:16:36 PST [30]: [23-1] LOG:  checkpoint complete: wrote 0 buffers (0.0%); 0 WAL file(s) added, 0 removed, 0 recycled; write=0.006 s, sync=0.001 s, total=0.029 s; sync files=0, longest=0.000 s, average=0.000 s; distance=0 kB, estimate=22727 kB
2022-01-17 00:16:36 PST [1]: [11-1] LOG:  database system is shut down
2022-01-17 01:13:30 PST [1]: [3] LOG:  starting PostgreSQL 14.1 (Debian 14.1-1.pgdg110+1) on aarch64-unknown-linux-gnu, compiled by gcc (Debian 10.2.1-6) 10.2.1 20210110, 64-bit
2022-01-17 01:13:30 PST [1]: [4] LOG:  listening on IPv4 address "0.0.0.0", port 5432
2022-01-17 01:13:30 PST [1]: [5] LOG:  listening on IPv6 address "::", port 5432
2022-01-17 01:13:30 PST [1]: [6] LOG:  listening on Unix socket "/var/run/postgresql/.s.PGSQL.5432"
2022-01-17 01:13:30 PST [29]: [1] LOG:  database system was shut down at 2022-01-17 00:16:36 PST
2022-01-17 01:13:30 PST [1]: [7] LOG:  database system is ready to accept connections
2022-01-17 01:13:40 PST [51]: [1] LOG:  connection received: host=[local]
2022-01-17 01:13:40 PST [51]: [2] LOG:  connection authorized: user=root database=root application_name=psql
2022-01-17 01:13:45 PST [51]: [3] LOG:  duration: 111.176 ms  statement: SELECT pg_catalog.quote_ident(datname) FROM pg_catalog.pg_database  WHERE substring(pg_catalog.quote_ident(datname),1,2)='ps'
	LIMIT 1000
2022-01-17 01:13:46 PST [51]: [4] LOG:  duration: 1.018 ms  statement: SELECT pg_catalog.quote_ident(datname) FROM pg_catalog.pg_database  WHERE substring(pg_catalog.quote_ident(datname),1,1)='p'
	LIMIT 1000
2022-01-17 01:13:46 PST [52]: [1] LOG:  connection received: host=[local]
2022-01-17 01:13:46 PST [52]: [2] LOG:  connection authorized: user=root database=postgres application_name=psql
2022-01-17 01:13:47 PST [51]: [5] LOG:  disconnection: session time: 0:00:06.552 user=root database=root host=[local]
2022-01-17 01:13:49 PST [54]: [1] LOG:  connection received: host=[local]
2022-01-17 01:13:49 PST [54]: [2] LOG:  connection authorized: user=root database=root application_name=psql
2022-01-17 01:13:52 PST [54]: [3] LOG:  duration: 17.789 ms  statement: SELECT pg_catalog.quote_ident(datname) FROM pg_catalog.pg_database  WHERE substring(pg_catalog.quote_ident(datname),1,1)='p'
	LIMIT 1000
2022-01-17 01:13:52 PST [55]: [1] LOG:  connection received: host=[local]
2022-01-17 01:13:52 PST [55]: [2] LOG:  connection authorized: user=root database=postgres application_name=psql
2022-01-17 01:13:52 PST [54]: [4] LOG:  disconnection: session time: 0:00:03.796 user=root database=root host=[local]
2022-01-17 01:13:55 PST [52]: [3] LOG:  duration: 131.853 ms  statement: SELECT n.nspname as "Schema",
	  c.relname as "Name",
	  CASE c.relkind WHEN 'r' THEN 'table' WHEN 'v' THEN 'view' WHEN 'm' THEN 'materialized view' WHEN 'i' THEN 'index' WHEN 'S' THEN 'sequence' WHEN 's' THEN 'special' WHEN 't' THEN 'TOAST table' WHEN 'f' THEN 'foreign table' WHEN 'p' THEN 'partitioned table' WHEN 'I' THEN 'partitioned index' END as "Type",
	  pg_catalog.pg_get_userbyid(c.relowner) as "Owner"
	FROM pg_catalog.pg_class c
	     LEFT JOIN pg_catalog.pg_namespace n ON n.oid = c.relnamespace
	     LEFT JOIN pg_catalog.pg_am am ON am.oid = c.relam
	WHERE c.relkind IN ('r','p','')
	      AND n.nspname <> 'pg_catalog'
	      AND n.nspname !~ '^pg_toast'
	      AND n.nspname <> 'information_schema'
	  AND pg_catalog.pg_table_is_visible(c.oid)
	ORDER BY 1,2;
2022-01-17 01:13:58 PST [55]: [3] LOG:  duration: 35.727 ms  statement: SELECT n.nspname as "Schema",
	  c.relname as "Name",
	  CASE c.relkind WHEN 'r' THEN 'table' WHEN 'v' THEN 'view' WHEN 'm' THEN 'materialized view' WHEN 'i' THEN 'index' WHEN 'S' THEN 'sequence' WHEN 's' THEN 'special' WHEN 't' THEN 'TOAST table' WHEN 'f' THEN 'foreign table' WHEN 'p' THEN 'partitioned table' WHEN 'I' THEN 'partitioned index' END as "Type",
	  pg_catalog.pg_get_userbyid(c.relowner) as "Owner"
	FROM pg_catalog.pg_class c
	     LEFT JOIN pg_catalog.pg_namespace n ON n.oid = c.relnamespace
	     LEFT JOIN pg_catalog.pg_am am ON am.oid = c.relam
	WHERE c.relkind IN ('r','p','')
	      AND n.nspname <> 'pg_catalog'
	      AND n.nspname !~ '^pg_toast'
	      AND n.nspname <> 'information_schema'
	  AND pg_catalog.pg_table_is_visible(c.oid)
	ORDER BY 1,2;
2022-01-17 01:17:48 PST [52]: [4] LOG:  duration: 0.101 ms  statement: BEGIN TRANSACTION ISOLATION LEVEL REPEATABLE READ;
2022-01-17 01:17:51 PST [55]: [4] LOG:  duration: 0.163 ms  statement: BEGIN TRANSACTION ISOLATION LEVEL REPEATABLE READ;
2022-01-17 01:17:58 PST [52]: [5] LOG:  duration: 73.487 ms  statement: SELECT pg_catalog.quote_ident(c.relname) FROM pg_catalog.pg_class c WHERE c.relkind IN ('r', 'S', 'v', 'm', 'f', 'p') AND substring(pg_catalog.quote_ident(c.relname),1,1)='r' AND pg_catalog.pg_table_is_visible(c.oid) AND c.relnamespace <> (SELECT oid FROM pg_catalog.pg_namespace WHERE nspname = 'pg_catalog')
	UNION
	SELECT pg_catalog.quote_ident(n.nspname) || '.' FROM pg_catalog.pg_namespace n WHERE substring(pg_catalog.quote_ident(n.nspname) || '.',1,1)='r' AND (SELECT pg_catalog.count(*) FROM pg_catalog.pg_namespace WHERE substring(pg_catalog.quote_ident(nspname) || '.',1,1) = substring('r',1,pg_catalog.length(pg_catalog.quote_ident(nspname))+1)) > 1
	UNION
	SELECT pg_catalog.quote_ident(n.nspname) || '.' || pg_catalog.quote_ident(c.relname) FROM pg_catalog.pg_class c, pg_catalog.pg_namespace n WHERE c.relnamespace = n.oid AND c.relkind IN ('r', 'S', 'v', 'm', 'f', 'p') AND substring(pg_catalog.quote_ident(n.nspname) || '.' || pg_catalog.quote_ident(c.relname),1,1)='r' AND substring(pg_catalog.quote_ident(n.nspname) || '.',1,1) = substring('r',1,pg_catalog.length(pg_catalog.quote_ident(n.nspname))+1) AND (SELECT pg_catalog.count(*) FROM pg_catalog.pg_namespace WHERE substring(pg_catalog.quote_ident(nspname) || '.',1,1) = substring('r',1,pg_catalog.length(pg_catalog.quote_ident(nspname))+1)) = 1
	LIMIT 1000
2022-01-17 01:17:59 PST [52]: [6] LOG:  duration: 32.936 ms  statement: select * from roles;
2022-01-17 01:18:11 PST [55]: [5] LOG:  duration: 9.960 ms  statement: select * from roles;
2022-01-17 01:18:18 PST [55]: [6] LOG:  duration: 1.269 ms  statement: select * from roles for update;
2022-01-17 01:18:26 PST [52]: [7] LOG:  process 52 still waiting for ShareLock on transaction 2304 after 1001.288 ms
2022-01-17 01:18:26 PST [52]: [8] DETAIL:  Process holding the lock: 55. Wait queue: 52.
2022-01-17 01:18:26 PST [52]: [9] CONTEXT:  while locking tuple (0,4) in relation "roles"
2022-01-17 01:18:26 PST [52]: [10] STATEMENT:  select * from roles for update;
2022-01-17 01:18:30 PST [30]: [1] LOG:  checkpoint starting: time
2022-01-17 01:18:30 PST [30]: [2] LOG:  checkpoint complete: wrote 5 buffers (0.0%); 0 WAL file(s) added, 0 removed, 0 recycled; write=0.232 s, sync=0.003 s, total=0.291 s; sync files=4, longest=0.002 s, average=0.001 s; distance=1 kB, estimate=1 kB
2022-01-17 01:18:31 PST [55]: [7] LOG:  duration: 20.307 ms  statement: commit;
2022-01-17 01:18:31 PST [52]: [11] LOG:  process 52 acquired ShareLock on transaction 2304 after 6289.754 ms
2022-01-17 01:18:31 PST [52]: [12] CONTEXT:  while locking tuple (0,4) in relation "roles"
2022-01-17 01:18:31 PST [52]: [13] STATEMENT:  select * from roles for update;
2022-01-17 01:18:31 PST [52]: [14] LOG:  duration: 6290.903 ms  statement: select * from roles for update;
2022-01-17 01:18:43 PST [52]: [15] ERROR:  syntax error at or near "commmit" at character 1
2022-01-17 01:18:43 PST [52]: [16] STATEMENT:  commmit;
2022-01-17 01:18:50 PST [52]: [17] LOG:  duration: 0.136 ms  statement: commit
	;
2022-01-17 01:18:55 PST [52]: [18] LOG:  duration: 0.183 ms  statement: BEGIN TRANSACTION ISOLATION LEVEL REPEATABLE READ;
2022-01-17 01:18:59 PST [55]: [8] LOG:  duration: 0.164 ms  statement: BEGIN TRANSACTION ISOLATION LEVEL REPEATABLE READ;
2022-01-17 01:23:07 PST [52]: [19] LOG:  duration: 0.306 ms  statement: commit;
2022-01-17 01:23:22 PST [55]: [9] LOG:  duration: 0.324 ms  statement: commit;
2022-01-17 01:23:30 PST [30]: [3] LOG:  checkpoint starting: time
2022-01-17 01:23:30 PST [30]: [4] LOG:  checkpoint complete: wrote 2 buffers (0.0%); 0 WAL file(s) added, 0 removed, 0 recycled; write=0.113 s, sync=0.003 s, total=0.135 s; sync files=2, longest=0.003 s, average=0.002 s; distance=1 kB, estimate=1 kB
2022-01-17 01:30:22 PST [52]: [20] LOG:  duration: 0.145 ms  statement: BEGIN TRANSACTION ISOLATION LEVEL REPEATABLE READ;
2022-01-17 01:30:24 PST [55]: [10] WARNING:  there is no transaction in progress
2022-01-17 01:30:24 PST [55]: [11] LOG:  duration: 0.235 ms  statement: commit;
2022-01-17 01:30:27 PST [55]: [12] LOG:  duration: 0.202 ms  statement: BEGIN TRANSACTION ISOLATION LEVEL REPEATABLE READ;
2022-01-17 01:31:14 PST [52]: [21] LOG:  duration: 2.060 ms  statement: select * from roles;
2022-01-17 01:31:24 PST [55]: [13] LOG:  duration: 2.989 ms  statement: select * from roles;
2022-01-17 01:31:50 PST [52]: [22] LOG:  duration: 0.684 ms  statement: select * from roles for update;
2022-01-17 01:32:05 PST [55]: [14] LOG:  duration: 0.175 ms  statement: select * from roles;
2022-01-17 01:32:22 PST [55]: [15] LOG:  duration: 0.792 ms  statement: select * from roles;
2022-01-17 01:32:24 PST [55]: [16] LOG:  duration: 0.508 ms  statement: select * from roles;
2022-01-17 01:33:11 PST [55]: [17] LOG:  process 55 still waiting for ShareLock on transaction 2306 after 1003.682 ms
2022-01-17 01:33:11 PST [55]: [18] DETAIL:  Process holding the lock: 52. Wait queue: 55.
2022-01-17 01:33:11 PST [55]: [19] CONTEXT:  while locking tuple (0,4) in relation "roles"
2022-01-17 01:33:11 PST [55]: [20] STATEMENT:  select * from roles for update;
2022-01-17 01:33:31 PST [30]: [5] LOG:  checkpoint starting: time
2022-01-17 01:33:31 PST [30]: [6] LOG:  checkpoint complete: wrote 1 buffers (0.0%); 0 WAL file(s) added, 0 removed, 0 recycled; write=0.105 s, sync=0.001 s, total=0.119 s; sync files=1, longest=0.001 s, average=0.001 s; distance=1 kB, estimate=1 kB
2022-01-17 01:34:07 PST [52]: [23] LOG:  duration: 14.685 ms  statement: commit;
2022-01-17 01:34:07 PST [55]: [21] LOG:  process 55 acquired ShareLock on transaction 2306 after 56445.230 ms
2022-01-17 01:34:07 PST [55]: [22] CONTEXT:  while locking tuple (0,4) in relation "roles"
2022-01-17 01:34:07 PST [55]: [23] STATEMENT:  select * from roles for update;
2022-01-17 01:34:07 PST [55]: [24] LOG:  duration: 56446.191 ms  statement: select * from roles for update;
2022-01-17 01:38:01 PST [52]: [24] LOG:  disconnection: session time: 0:24:14.979 user=root database=postgres host=[local]
2022-01-17 01:38:01 PST [1]: [8] LOG:  server process (PID 50) was terminated by signal 1: Hangup
2022-01-17 01:38:01 PST [1]: [9] LOG:  terminating any other active server processes
2022-01-17 01:38:01 PST [1]: [10] LOG:  all server processes terminated; reinitializing
2022-01-17 01:38:01 PST [105]: [1] LOG:  database system was interrupted; last known up at 2022-01-17 01:33:31 PST
2022-01-17 01:38:04 PST [105]: [2] LOG:  database system was not properly shut down; automatic recovery in progress
2022-01-17 01:38:04 PST [105]: [3] LOG:  redo starts at 0/A50C7F8
2022-01-17 01:38:04 PST [105]: [4] LOG:  invalid record length at 0/A50CC68: wanted 24, got 0
2022-01-17 01:38:04 PST [105]: [5] LOG:  redo done at 0/A50CC30 system usage: CPU: user: 0.00 s, system: 0.00 s, elapsed: 0.00 s
2022-01-17 01:38:04 PST [105]: [6] LOG:  checkpoint starting: end-of-recovery immediate
2022-01-17 01:38:04 PST [105]: [7] LOG:  checkpoint complete: wrote 2 buffers (0.0%); 0 WAL file(s) added, 0 removed, 0 recycled; write=0.004 s, sync=0.001 s, total=0.019 s; sync files=2, longest=0.001 s, average=0.001 s; distance=1 kB, estimate=1 kB
2022-01-17 01:38:04 PST [1]: [11] LOG:  database system is ready to accept connections
2022-01-17 01:38:19 PST [1]: [12] LOG:  received fast shutdown request
2022-01-17 01:38:19 PST [1]: [13] LOG:  aborting any active transactions
2022-01-17 01:38:19 PST [1]: [14] LOG:  background worker "logical replication launcher" (PID 111) exited with exit code 1
2022-01-17 01:38:19 PST [106]: [1] LOG:  shutting down
2022-01-17 01:38:19 PST [106]: [2] LOG:  checkpoint starting: shutdown immediate
2022-01-17 01:38:19 PST [106]: [3] LOG:  checkpoint complete: wrote 3 buffers (0.0%); 0 WAL file(s) added, 0 removed, 0 recycled; write=0.008 s, sync=0.003 s, total=0.028 s; sync files=2, longest=0.002 s, average=0.002 s; distance=0 kB, estimate=0 kB
2022-01-17 01:38:19 PST [1]: [15] LOG:  database system is shut down
2022-01-17 16:50:13 PST [1]: [3] LOG:  starting PostgreSQL 14.1 (Debian 14.1-1.pgdg110+1) on aarch64-unknown-linux-gnu, compiled by gcc (Debian 10.2.1-6) 10.2.1 20210110, 64-bit
2022-01-17 16:50:13 PST [1]: [4] LOG:  listening on IPv4 address "0.0.0.0", port 5432
2022-01-17 16:50:13 PST [1]: [5] LOG:  listening on IPv6 address "::", port 5432
2022-01-17 16:50:13 PST [1]: [6] LOG:  listening on Unix socket "/var/run/postgresql/.s.PGSQL.5432"
2022-01-17 16:50:13 PST [29]: [1] LOG:  database system was shut down at 2022-01-17 01:38:19 PST
2022-01-17 16:50:13 PST [1]: [7] LOG:  database system is ready to accept connections
2022-01-17 16:50:19 PST [51]: [1] LOG:  connection received: host=[local]
2022-01-17 16:50:19 PST [51]: [2] LOG:  connection authorized: user=root database=root application_name=psql
2022-01-17 16:50:25 PST [53]: [1] LOG:  connection received: host=[local]
2022-01-17 16:50:25 PST [53]: [2] LOG:  connection authorized: user=root database=root application_name=psql
2022-01-17 16:50:26 PST [53]: [3] LOG:  duration: 118.282 ms  statement: SELECT pg_catalog.quote_ident(datname) FROM pg_catalog.pg_database  WHERE substring(pg_catalog.quote_ident(datname),1,1)='p'
	LIMIT 1000
2022-01-17 16:50:27 PST [54]: [1] LOG:  connection received: host=[local]
2022-01-17 16:50:27 PST [54]: [2] LOG:  connection authorized: user=root database=postgres application_name=psql
2022-01-17 16:50:27 PST [53]: [4] LOG:  disconnection: session time: 0:00:02.680 user=root database=root host=[local]
2022-01-17 16:50:29 PST [51]: [3] LOG:  duration: 12.280 ms  statement: SELECT pg_catalog.quote_ident(datname) FROM pg_catalog.pg_database  WHERE substring(pg_catalog.quote_ident(datname),1,1)='p'
	LIMIT 1000
2022-01-17 16:50:29 PST [55]: [1] LOG:  connection received: host=[local]
2022-01-17 16:50:29 PST [55]: [2] LOG:  connection authorized: user=root database=postgres application_name=psql
2022-01-17 16:50:29 PST [51]: [4] LOG:  disconnection: session time: 0:00:10.371 user=root database=root host=[local]
2022-01-17 16:50:32 PST [55]: [3] LOG:  duration: 126.019 ms  statement: SELECT n.nspname as "Schema",
	  c.relname as "Name",
	  CASE c.relkind WHEN 'r' THEN 'table' WHEN 'v' THEN 'view' WHEN 'm' THEN 'materialized view' WHEN 'i' THEN 'index' WHEN 'S' THEN 'sequence' WHEN 's' THEN 'special' WHEN 't' THEN 'TOAST table' WHEN 'f' THEN 'foreign table' WHEN 'p' THEN 'partitioned table' WHEN 'I' THEN 'partitioned index' END as "Type",
	  pg_catalog.pg_get_userbyid(c.relowner) as "Owner"
	FROM pg_catalog.pg_class c
	     LEFT JOIN pg_catalog.pg_namespace n ON n.oid = c.relnamespace
	     LEFT JOIN pg_catalog.pg_am am ON am.oid = c.relam
	WHERE c.relkind IN ('r','p','')
	      AND n.nspname <> 'pg_catalog'
	      AND n.nspname !~ '^pg_toast'
	      AND n.nspname <> 'information_schema'
	  AND pg_catalog.pg_table_is_visible(c.oid)
	ORDER BY 1,2;
2022-01-17 16:50:36 PST [55]: [4] LOG:  duration: 0.226 ms  statement: begin
	;
2022-01-17 16:50:40 PST [54]: [3] LOG:  duration: 0.591 ms  statement: begin;
2022-01-17 16:50:49 PST [55]: [5] LOG:  duration: 68.822 ms  statement: SELECT pg_catalog.quote_ident(c.relname) FROM pg_catalog.pg_class c WHERE c.relkind IN ('r', 'S', 'v', 'm', 'f', 'p') AND substring(pg_catalog.quote_ident(c.relname),1,4)='role' AND pg_catalog.pg_table_is_visible(c.oid) AND c.relnamespace <> (SELECT oid FROM pg_catalog.pg_namespace WHERE nspname = 'pg_catalog')
	UNION
	SELECT pg_catalog.quote_ident(n.nspname) || '.' FROM pg_catalog.pg_namespace n WHERE substring(pg_catalog.quote_ident(n.nspname) || '.',1,4)='role' AND (SELECT pg_catalog.count(*) FROM pg_catalog.pg_namespace WHERE substring(pg_catalog.quote_ident(nspname) || '.',1,4) = substring('role',1,pg_catalog.length(pg_catalog.quote_ident(nspname))+1)) > 1
	UNION
	SELECT pg_catalog.quote_ident(n.nspname) || '.' || pg_catalog.quote_ident(c.relname) FROM pg_catalog.pg_class c, pg_catalog.pg_namespace n WHERE c.relnamespace = n.oid AND c.relkind IN ('r', 'S', 'v', 'm', 'f', 'p') AND substring(pg_catalog.quote_ident(n.nspname) || '.' || pg_catalog.quote_ident(c.relname),1,4)='role' AND substring(pg_catalog.quote_ident(n.nspname) || '.',1,4) = substring('role',1,pg_catalog.length(pg_catalog.quote_ident(n.nspname))+1) AND (SELECT pg_catalog.count(*) FROM pg_catalog.pg_namespace WHERE substring(pg_catalog.quote_ident(nspname) || '.',1,4) = substring('role',1,pg_catalog.length(pg_catalog.quote_ident(nspname))+1)) = 1
	LIMIT 1000
2022-01-17 16:50:52 PST [55]: [6] LOG:  duration: 30.349 ms  statement: select * from roles for update;
2022-01-17 16:50:58 PST [54]: [4] LOG:  process 54 still waiting for ShareLock on transaction 2308 after 1003.786 ms
2022-01-17 16:50:58 PST [54]: [5] DETAIL:  Process holding the lock: 55. Wait queue: 54.
2022-01-17 16:50:58 PST [54]: [6] CONTEXT:  while locking tuple (0,4) in relation "roles"
2022-01-17 16:50:58 PST [54]: [7] STATEMENT:  select * from roles for update;
2022-01-17 16:51:01 PST [55]: [7] LOG:  duration: 13.285 ms  statement: commit;
2022-01-17 16:51:01 PST [54]: [8] LOG:  process 54 acquired ShareLock on transaction 2308 after 4009.003 ms
2022-01-17 16:51:01 PST [54]: [9] CONTEXT:  while locking tuple (0,4) in relation "roles"
2022-01-17 16:51:01 PST [54]: [10] STATEMENT:  select * from roles for update;
2022-01-17 16:51:01 PST [54]: [11] LOG:  duration: 4029.738 ms  statement: select * from roles for update;
2022-01-17 16:51:52 PST [55]: [8] WARNING:  SET TRANSACTION can only be used in transaction blocks
2022-01-17 16:51:52 PST [55]: [9] LOG:  duration: 0.401 ms  statement: set transaction isolation level repeatable read;
2022-01-17 16:52:05 PST [55]: [10] LOG:  duration: 0.196 ms  statement: begin transaction isolation level repeatable read;
2022-01-17 16:52:12 PST [55]: [11] LOG:  duration: 0.155 ms  statement: commit;
2022-01-17 16:52:23 PST [1]: [8] LOG:  received fast shutdown request
2022-01-17 16:52:23 PST [1]: [9] LOG:  aborting any active transactions
2022-01-17 16:52:23 PST [54]: [12] FATAL:  terminating connection due to administrator command
2022-01-17 16:52:23 PST [55]: [12] FATAL:  terminating connection due to administrator command
2022-01-17 16:52:23 PST [55]: [13] LOG:  disconnection: session time: 0:01:53.832 user=root database=postgres host=[local]
2022-01-17 16:52:23 PST [54]: [13] LOG:  disconnection: session time: 0:01:55.960 user=root database=postgres host=[local]
2022-01-17 16:52:23 PST [1]: [10] LOG:  background worker "logical replication launcher" (PID 35) exited with exit code 1
2022-01-17 16:52:23 PST [30]: [1] LOG:  shutting down
2022-01-17 16:52:23 PST [30]: [2] LOG:  checkpoint starting: shutdown immediate
2022-01-17 16:52:23 PST [30]: [3] LOG:  checkpoint complete: wrote 4 buffers (0.0%); 0 WAL file(s) added, 0 removed, 0 recycled; write=0.011 s, sync=0.002 s, total=0.033 s; sync files=3, longest=0.001 s, average=0.001 s; distance=1 kB, estimate=1 kB
22022-01-17 17:02:24 PST [1]: [3] LOG:  starting PostgreSQL 14.1 (Debian 14.1-1.pgdg110+1) on aarch64-unknown-linux-gnu, compiled by gcc (Debian 10.2.1-6) 10.2.1 20210110, 64-bit
2022-01-17 17:02:24 PST [1]: [4] LOG:  listening on IPv4 address "0.0.0.0", port 5432
2022-01-17 17:02:24 PST [1]: [5] LOG:  listening on IPv6 address "::", port 5432
2022-01-17 17:02:24 PST [1]: [6] LOG:  listening on Unix socket "/var/run/postgresql/.s.PGSQL.5432"
2022-01-17 17:02:24 PST [29]: [1] LOG:  database system was shut down at 2022-01-17 16:52:23 PST
2022-01-17 17:02:25 PST [1]: [7] LOG:  database system is ready to accept connections
2022-01-17 17:02:50 PST [55]: [1] LOG:  connection received: host=[local]
2022-01-17 17:02:50 PST [55]: [2] LOG:  connection authorized: user=root database=root application_name=psql
2022-01-17 17:02:59 PST [55]: [3] LOG:  duration: 100.326 ms  statement: SELECT d.datname as "Name",
	       pg_catalog.pg_get_userbyid(d.datdba) as "Owner",
	       pg_catalog.pg_encoding_to_char(d.encoding) as "Encoding",
	       d.datcollate as "Collate",
	       d.datctype as "Ctype",
	       pg_catalog.array_to_string(d.datacl, E'\n') AS "Access privileges"
	FROM pg_catalog.pg_database d
	ORDER BY 1;
2022-01-17 17:03:02 PST [55]: [4] LOG:  duration: 67.452 ms  statement: SELECT pg_catalog.quote_ident(datname) FROM pg_catalog.pg_database  WHERE substring(pg_catalog.quote_ident(datname),1,1)='p'
	LIMIT 1000
2022-01-17 17:03:03 PST [57]: [1] LOG:  connection received: host=[local]
2022-01-17 17:03:03 PST [57]: [2] LOG:  connection authorized: user=root database=postgres application_name=psql
2022-01-17 17:03:03 PST [55]: [5] LOG:  disconnection: session time: 0:00:13.505 user=root database=root host=[local]
2022-01-17 17:03:07 PST [57]: [3] LOG:  duration: 114.055 ms  statement: SELECT n.nspname as "Schema",
	  c.relname as "Name",
	  CASE c.relkind WHEN 'r' THEN 'table' WHEN 'v' THEN 'view' WHEN 'm' THEN 'materialized view' WHEN 'i' THEN 'index' WHEN 'S' THEN 'sequence' WHEN 's' THEN 'special' WHEN 't' THEN 'TOAST table' WHEN 'f' THEN 'foreign table' WHEN 'p' THEN 'partitioned table' WHEN 'I' THEN 'partitioned index' END as "Type",
	  pg_catalog.pg_get_userbyid(c.relowner) as "Owner"
	FROM pg_catalog.pg_class c
	     LEFT JOIN pg_catalog.pg_namespace n ON n.oid = c.relnamespace
	     LEFT JOIN pg_catalog.pg_am am ON am.oid = c.relam
	WHERE c.relkind IN ('r','p','')
	      AND n.nspname <> 'pg_catalog'
	      AND n.nspname !~ '^pg_toast'
	      AND n.nspname <> 'information_schema'
	  AND pg_catalog.pg_table_is_visible(c.oid)
	ORDER BY 1,2;
2022-01-17 17:03:13 PST [57]: [4] LOG:  duration: 79.983 ms  statement: SELECT pg_catalog.quote_ident(c.relname) FROM pg_catalog.pg_class c WHERE c.relkind IN ('r', 'S', 'v', 'm', 'f', 'p') AND substring(pg_catalog.quote_ident(c.relname),1,2)='ro' AND pg_catalog.pg_table_is_visible(c.oid) AND c.relnamespace <> (SELECT oid FROM pg_catalog.pg_namespace WHERE nspname = 'pg_catalog')
	UNION
	SELECT pg_catalog.quote_ident(n.nspname) || '.' FROM pg_catalog.pg_namespace n WHERE substring(pg_catalog.quote_ident(n.nspname) || '.',1,2)='ro' AND (SELECT pg_catalog.count(*) FROM pg_catalog.pg_namespace WHERE substring(pg_catalog.quote_ident(nspname) || '.',1,2) = substring('ro',1,pg_catalog.length(pg_catalog.quote_ident(nspname))+1)) > 1
	UNION
	SELECT pg_catalog.quote_ident(n.nspname) || '.' || pg_catalog.quote_ident(c.relname) FROM pg_catalog.pg_class c, pg_catalog.pg_namespace n WHERE c.relnamespace = n.oid AND c.relkind IN ('r', 'S', 'v', 'm', 'f', 'p') AND substring(pg_catalog.quote_ident(n.nspname) || '.' || pg_catalog.quote_ident(c.relname),1,2)='ro' AND substring(pg_catalog.quote_ident(n.nspname) || '.',1,2) = substring('ro',1,pg_catalog.length(pg_catalog.quote_ident(n.nspname))+1) AND (SELECT pg_catalog.count(*) FROM pg_catalog.pg_namespace WHERE substring(pg_catalog.quote_ident(nspname) || '.',1,2) = substring('ro',1,pg_catalog.length(pg_catalog.quote_ident(nspname))+1)) = 1
	LIMIT 1000
2022-01-17 17:03:23 PST [57]: [5] LOG:  duration: 52.055 ms  statement: select * from roles for update;
2022-01-17 17:07:25 PST [30]: [1] LOG:  checkpoint starting: time
2022-01-17 17:07:25 PST [30]: [2] LOG:  checkpoint complete: wrote 4 buffers (0.0%); 0 WAL file(s) added, 0 removed, 0 recycled; write=0.120 s, sync=0.003 s, total=0.183 s; sync files=3, longest=0.002 s, average=0.001 s; distance=1 kB, estimate=1 kB
2022-01-17 17:07:42 PST [57]: [6] LOG:  duration: 0.072 ms  statement: begin;
2022-01-17 17:07:50 PST [69]: [1] LOG:  connection received: host=[local]
2022-01-17 17:07:50 PST [69]: [2] LOG:  connection authorized: user=root database=root application_name=psql
2022-01-17 17:07:53 PST [69]: [3] LOG:  duration: 26.375 ms  statement: SELECT pg_catalog.quote_ident(datname) FROM pg_catalog.pg_database  WHERE substring(pg_catalog.quote_ident(datname),1,1)='r'
	LIMIT 1000
2022-01-17 17:07:55 PST [69]: [4] LOG:  duration: 1.416 ms  statement: SELECT pg_catalog.quote_ident(datname) FROM pg_catalog.pg_database  WHERE substring(pg_catalog.quote_ident(datname),1,3)='pos'
	LIMIT 1000
2022-01-17 17:07:56 PST [71]: [1] LOG:  connection received: host=[local]
2022-01-17 17:07:56 PST [71]: [2] LOG:  connection authorized: user=root database=postgres application_name=psql
2022-01-17 17:07:56 PST [69]: [5] LOG:  disconnection: session time: 0:00:05.996 user=root database=root host=[local]
2022-01-17 17:07:59 PST [71]: [3] LOG:  duration: 48.797 ms  statement: SELECT n.nspname as "Schema",
	  c.relname as "Name",
	  CASE c.relkind WHEN 'r' THEN 'table' WHEN 'v' THEN 'view' WHEN 'm' THEN 'materialized view' WHEN 'i' THEN 'index' WHEN 'S' THEN 'sequence' WHEN 's' THEN 'special' WHEN 't' THEN 'TOAST table' WHEN 'f' THEN 'foreign table' WHEN 'p' THEN 'partitioned table' WHEN 'I' THEN 'partitioned index' END as "Type",
	  pg_catalog.pg_get_userbyid(c.relowner) as "Owner"
	FROM pg_catalog.pg_class c
	     LEFT JOIN pg_catalog.pg_namespace n ON n.oid = c.relnamespace
	     LEFT JOIN pg_catalog.pg_am am ON am.oid = c.relam
	WHERE c.relkind IN ('r','p','')
	      AND n.nspname <> 'pg_catalog'
	      AND n.nspname !~ '^pg_toast'
	      AND n.nspname <> 'information_schema'
	  AND pg_catalog.pg_table_is_visible(c.oid)
	ORDER BY 1,2;
2022-01-17 17:08:03 PST [71]: [4] LOG:  duration: 0.145 ms  statement: begin;
2022-01-17 17:08:13 PST [57]: [7] LOG:  duration: 6.173 ms  statement: SELECT pg_catalog.quote_ident(c.relname) FROM pg_catalog.pg_class c WHERE c.relkind IN ('r', 'S', 'v', 'm', 'f', 'p') AND substring(pg_catalog.quote_ident(c.relname),1,1)='r' AND pg_catalog.pg_table_is_visible(c.oid) AND c.relnamespace <> (SELECT oid FROM pg_catalog.pg_namespace WHERE nspname = 'pg_catalog')
	UNION
	SELECT pg_catalog.quote_ident(n.nspname) || '.' FROM pg_catalog.pg_namespace n WHERE substring(pg_catalog.quote_ident(n.nspname) || '.',1,1)='r' AND (SELECT pg_catalog.count(*) FROM pg_catalog.pg_namespace WHERE substring(pg_catalog.quote_ident(nspname) || '.',1,1) = substring('r',1,pg_catalog.length(pg_catalog.quote_ident(nspname))+1)) > 1
	UNION
	SELECT pg_catalog.quote_ident(n.nspname) || '.' || pg_catalog.quote_ident(c.relname) FROM pg_catalog.pg_class c, pg_catalog.pg_namespace n WHERE c.relnamespace = n.oid AND c.relkind IN ('r', 'S', 'v', 'm', 'f', 'p') AND substring(pg_catalog.quote_ident(n.nspname) || '.' || pg_catalog.quote_ident(c.relname),1,1)='r' AND substring(pg_catalog.quote_ident(n.nspname) || '.',1,1) = substring('r',1,pg_catalog.length(pg_catalog.quote_ident(n.nspname))+1) AND (SELECT pg_catalog.count(*) FROM pg_catalog.pg_namespace WHERE substring(pg_catalog.quote_ident(nspname) || '.',1,1) = substring('r',1,pg_catalog.length(pg_catalog.quote_ident(nspname))+1)) = 1
	LIMIT 1000
2022-01-17 17:08:18 PST [57]: [8] LOG:  duration: 15.595 ms  statement: select * from roles for update;
2022-01-17 17:08:33 PST [71]: [5] LOG:  duration: 5.412 ms  statement: SELECT pg_catalog.quote_ident(c.relname) FROM pg_catalog.pg_class c WHERE c.relkind IN ('r', 'S', 'v', 'm', 'f', 'p') AND substring(pg_catalog.quote_ident(c.relname),1,3)='rol' AND pg_catalog.pg_table_is_visible(c.oid) AND c.relnamespace <> (SELECT oid FROM pg_catalog.pg_namespace WHERE nspname = 'pg_catalog')
	UNION
	SELECT pg_catalog.quote_ident(n.nspname) || '.' FROM pg_catalog.pg_namespace n WHERE substring(pg_catalog.quote_ident(n.nspname) || '.',1,3)='rol' AND (SELECT pg_catalog.count(*) FROM pg_catalog.pg_namespace WHERE substring(pg_catalog.quote_ident(nspname) || '.',1,3) = substring('rol',1,pg_catalog.length(pg_catalog.quote_ident(nspname))+1)) > 1
	UNION
	SELECT pg_catalog.quote_ident(n.nspname) || '.' || pg_catalog.quote_ident(c.relname) FROM pg_catalog.pg_class c, pg_catalog.pg_namespace n WHERE c.relnamespace = n.oid AND c.relkind IN ('r', 'S', 'v', 'm', 'f', 'p') AND substring(pg_catalog.quote_ident(n.nspname) || '.' || pg_catalog.quote_ident(c.relname),1,3)='rol' AND substring(pg_catalog.quote_ident(n.nspname) || '.',1,3) = substring('rol',1,pg_catalog.length(pg_catalog.quote_ident(n.nspname))+1) AND (SELECT pg_catalog.count(*) FROM pg_catalog.pg_namespace WHERE substring(pg_catalog.quote_ident(nspname) || '.',1,3) = substring('rol',1,pg_catalog.length(pg_catalog.quote_ident(nspname))+1)) = 1
	LIMIT 1000
2022-01-17 17:08:53 PST [71]: [6] LOG:  process 71 still waiting for ShareLock on transaction 2311 after 1002.331 ms
2022-01-17 17:08:53 PST [71]: [7] DETAIL:  Process holding the lock: 57. Wait queue: 71.
2022-01-17 17:08:53 PST [71]: [8] CONTEXT:  while locking tuple (0,4) in relation "roles"
2022-01-17 17:08:53 PST [71]: [9] STATEMENT:  select * from roles for update;
2022-01-17 17:09:23 PST [57]: [9] LOG:  duration: 10.786 ms  statement: commit;
2022-01-17 17:09:23 PST [71]: [10] LOG:  process 71 acquired ShareLock on transaction 2311 after 30862.629 ms
2022-01-17 17:09:23 PST [71]: [11] CONTEXT:  while locking tuple (0,4) in relation "roles"
2022-01-17 17:09:23 PST [71]: [12] STATEMENT:  select * from roles for update;
2022-01-17 17:09:23 PST [71]: [13] LOG:  duration: 30887.131 ms  statement: select * from roles for update;
2022-01-17 17:12:25 PST [30]: [3] LOG:  checkpoint starting: time
2022-01-17 17:12:25 PST [30]: [4] LOG:  checkpoint complete: wrote 2 buffers (0.0%); 0 WAL file(s) added, 0 removed, 0 recycled; write=0.109 s, sync=0.002 s, total=0.136 s; sync files=2, longest=0.002 s, average=0.001 s; distance=1 kB, estimate=1 kB
2022-01-17 17:17:55 PST [33]: [1] WARNING:  could not open statistics file "pg_stat_tmp/global.stat": Operation not permitted
2022-01-17 17:18:25 PST [33]: [2] WARNING:  could not open statistics file "pg_stat_tmp/global.stat": Operation not permitted
2022-01-17 17:18:25 PST [92]: [1] WARNING:  could not open statistics file "pg_stat_tmp/global.stat": Operation not permitted
2022-01-17 17:34:56 PST [125]: [1] WARNING:  could not open statistics file "pg_stat_tmp/global.stat": Operation not permitted
2022-01-17 18:25:57 PST [33]: [3] WARNING:  could not open statistics file "pg_stat_tmp/global.stat": Operation not permitted
2022-01-17 18:30:27 PST [33]: [4] WARNING:  could not open statistics file "pg_stat_tmp/global.stat": Operation not permitted
2022-01-17 18:56:58 PST [33]: [5] WARNING:  could not open statistics file "pg_stat_tmp/global.stat": Operation not permitted
2022-01-17 19:21:29 PST [33]: [6] WARNING:  could not open statistics file "pg_stat_tmp/global.stat": Operation not permitted
2022-01-17 19:33:29 PST [33]: [7] WARNING:  could not open statistics file "pg_stat_tmp/global.stat": Operation not permitted
2022-01-17 19:42:59 PST [33]: [8] WARNING:  could not open statistics file "pg_stat_tmp/global.stat": Operation not permitted
2022-01-17 19:52:30 PST [33]: [9] WARNING:  could not open statistics file "pg_stat_tmp/global.stat": Operation not permitted
